Could not get the $HEADAS system variable. Please ensure that this is set and points to the HEASOFT directory.
Could not get the $CALDB system variable. Please ensure that this is set and points to the CALDB directory.
No module named 'ROOT'
Please install the Python ROOT package to be able to run the full forward modeling calculations.
16
16
[array([ 1,  2,  3,  4,  5,  6,  7,  8,  9, 10, 11, 12, 13, 14]), array([19, 20, 21, 22, 23, 24, 25, 26, 27, 28, 29, 30, 31, 32]), array([37, 38, 39, 40, 41, 42, 43, 44, 45, 46, 47, 48, 49, 50]), array([55, 56, 57, 58, 59, 60, 61, 62, 63, 64, 65, 66, 67, 68]), array([73, 74, 75, 76, 77, 78, 79, 80, 81, 82, 83, 84, 85, 86]), array([ 91,  92,  93,  94,  95,  96,  97,  98,  99, 100, 101, 102, 103,
       104]), array([109, 110, 111, 112, 113, 114, 115, 116, 117, 118, 119, 120, 121,
       122]), array([127, 128, 129, 130, 131, 132, 133, 134, 135, 136, 137, 138, 139,
       140]), array([145, 146, 147, 148, 149, 150, 151, 152, 153, 154, 155, 156, 157,
       158]), array([163, 164, 165, 166, 167, 168, 169, 170, 171, 172, 173, 174, 175,
       176]), array([181, 182, 183, 184, 185, 186, 187, 188, 189, 190, 191, 192, 193,
       194]), array([199, 200, 201, 202, 203, 204, 205, 206, 207, 208, 209, 210, 211,
       212]), array([217, 218, 219, 220, 221, 222, 223, 224, 225, 226, 227, 228, 229,
       230]), array([235, 236, 237, 238, 239, 240, 241, 242, 243, 244, 245, 246, 247,
       248]), array([253, 254, 255, 256, 257, 258, 259, 260, 261, 262, 263, 264, 265,
       266]), array([271, 272, 273, 274, 275, 276, 277, 278, 279, 280, 281, 282, 283,
       284])]
(173, 286) (173, 286)
285 172
16
16
[array([ 1,  2,  3,  4,  5,  6,  7,  8,  9, 10, 11, 12, 13, 14]), array([19, 20, 21, 22, 23, 24, 25, 26, 27, 28, 29, 30, 31, 32]), array([37, 38, 39, 40, 41, 42, 43, 44, 45, 46, 47, 48, 49, 50]), array([55, 56, 57, 58, 59, 60, 61, 62, 63, 64, 65, 66, 67, 68]), array([73, 74, 75, 76, 77, 78, 79, 80, 81, 82, 83, 84, 85, 86]), array([ 91,  92,  93,  94,  95,  96,  97,  98,  99, 100, 101, 102, 103,
       104]), array([109, 110, 111, 112, 113, 114, 115, 116, 117, 118, 119, 120, 121,
       122]), array([127, 128, 129, 130, 131, 132, 133, 134, 135, 136, 137, 138, 139,
       140]), array([145, 146, 147, 148, 149, 150, 151, 152, 153, 154, 155, 156, 157,
       158]), array([163, 164, 165, 166, 167, 168, 169, 170, 171, 172, 173, 174, 175,
       176]), array([181, 182, 183, 184, 185, 186, 187, 188, 189, 190, 191, 192, 193,
       194]), array([199, 200, 201, 202, 203, 204, 205, 206, 207, 208, 209, 210, 211,
       212]), array([217, 218, 219, 220, 221, 222, 223, 224, 225, 226, 227, 228, 229,
       230]), array([235, 236, 237, 238, 239, 240, 241, 242, 243, 244, 245, 246, 247,
       248]), array([253, 254, 255, 256, 257, 258, 259, 260, 261, 262, 263, 264, 265,
       266]), array([271, 272, 273, 274, 275, 276, 277, 278, 279, 280, 281, 282, 283,
       284])]
(173, 286) (173, 286)
285 172
16
16
[array([ 1,  2,  3,  4,  5,  6,  7,  8,  9, 10, 11, 12, 13, 14]), array([19, 20, 21, 22, 23, 24, 25, 26, 27, 28, 29, 30, 31, 32]), array([37, 38, 39, 40, 41, 42, 43, 44, 45, 46, 47, 48, 49, 50]), array([55, 56, 57, 58, 59, 60, 61, 62, 63, 64, 65, 66, 67, 68]), array([73, 74, 75, 76, 77, 78, 79, 80, 81, 82, 83, 84, 85, 86]), array([ 91,  92,  93,  94,  95,  96,  97,  98,  99, 100, 101, 102, 103,
       104]), array([109, 110, 111, 112, 113, 114, 115, 116, 117, 118, 119, 120, 121,
       122]), array([127, 128, 129, 130, 131, 132, 133, 134, 135, 136, 137, 138, 139,
       140]), array([145, 146, 147, 148, 149, 150, 151, 152, 153, 154, 155, 156, 157,
       158]), array([163, 164, 165, 166, 167, 168, 169, 170, 171, 172, 173, 174, 175,
       176]), array([181, 182, 183, 184, 185, 186, 187, 188, 189, 190, 191, 192, 193,
       194]), array([199, 200, 201, 202, 203, 204, 205, 206, 207, 208, 209, 210, 211,
       212]), array([217, 218, 219, 220, 221, 222, 223, 224, 225, 226, 227, 228, 229,
       230]), array([235, 236, 237, 238, 239, 240, 241, 242, 243, 244, 245, 246, 247,
       248]), array([253, 254, 255, 256, 257, 258, 259, 260, 261, 262, 263, 264, 265,
       266]), array([271, 272, 273, 274, 275, 276, 277, 278, 279, 280, 281, 282, 283,
       284])]
(173, 286) (173, 286)
285 172
16
16
[array([ 1,  2,  3,  4,  5,  6,  7,  8,  9, 10, 11, 12, 13, 14]), array([19, 20, 21, 22, 23, 24, 25, 26, 27, 28, 29, 30, 31, 32]), array([37, 38, 39, 40, 41, 42, 43, 44, 45, 46, 47, 48, 49, 50]), array([55, 56, 57, 58, 59, 60, 61, 62, 63, 64, 65, 66, 67, 68]), array([73, 74, 75, 76, 77, 78, 79, 80, 81, 82, 83, 84, 85, 86]), array([ 91,  92,  93,  94,  95,  96,  97,  98,  99, 100, 101, 102, 103,
       104]), array([109, 110, 111, 112, 113, 114, 115, 116, 117, 118, 119, 120, 121,
       122]), array([127, 128, 129, 130, 131, 132, 133, 134, 135, 136, 137, 138, 139,
       140]), array([145, 146, 147, 148, 149, 150, 151, 152, 153, 154, 155, 156, 157,
       158]), array([163, 164, 165, 166, 167, 168, 169, 170, 171, 172, 173, 174, 175,
       176]), array([181, 182, 183, 184, 185, 186, 187, 188, 189, 190, 191, 192, 193,
       194]), array([199, 200, 201, 202, 203, 204, 205, 206, 207, 208, 209, 210, 211,
       212]), array([217, 218, 219, 220, 221, 222, 223, 224, 225, 226, 227, 228, 229,
       230]), array([235, 236, 237, 238, 239, 240, 241, 242, 243, 244, 245, 246, 247,
       248]), array([253, 254, 255, 256, 257, 258, 259, 260, 261, 262, 263, 264, 265,
       266]), array([271, 272, 273, 274, 275, 276, 277, 278, 279, 280, 281, 282, 283,
       284])]
(173, 286) (173, 286)
285 172
16
16
[array([ 1,  2,  3,  4,  5,  6,  7,  8,  9, 10, 11, 12, 13, 14]), array([19, 20, 21, 22, 23, 24, 25, 26, 27, 28, 29, 30, 31, 32]), array([37, 38, 39, 40, 41, 42, 43, 44, 45, 46, 47, 48, 49, 50]), array([55, 56, 57, 58, 59, 60, 61, 62, 63, 64, 65, 66, 67, 68]), array([73, 74, 75, 76, 77, 78, 79, 80, 81, 82, 83, 84, 85, 86]), array([ 91,  92,  93,  94,  95,  96,  97,  98,  99, 100, 101, 102, 103,
       104]), array([109, 110, 111, 112, 113, 114, 115, 116, 117, 118, 119, 120, 121,
       122]), array([127, 128, 129, 130, 131, 132, 133, 134, 135, 136, 137, 138, 139,
       140]), array([145, 146, 147, 148, 149, 150, 151, 152, 153, 154, 155, 156, 157,
       158]), array([163, 164, 165, 166, 167, 168, 169, 170, 171, 172, 173, 174, 175,
       176]), array([181, 182, 183, 184, 185, 186, 187, 188, 189, 190, 191, 192, 193,
       194]), array([199, 200, 201, 202, 203, 204, 205, 206, 207, 208, 209, 210, 211,
       212]), array([217, 218, 219, 220, 221, 222, 223, 224, 225, 226, 227, 228, 229,
       230]), array([235, 236, 237, 238, 239, 240, 241, 242, 243, 244, 245, 246, 247,
       248]), array([253, 254, 255, 256, 257, 258, 259, 260, 261, 262, 263, 264, 265,
       266]), array([271, 272, 273, 274, 275, 276, 277, 278, 279, 280, 281, 282, 283,
       284])]
(173, 286) (173, 286)
285 172
No module named 'ROOT'
Please install the Python ROOT package to be able to run the full forward modeling calculations.
/opt/anaconda3/envs/nitrates_env/lib/python3.9/runpy.py:127: RuntimeWarning: 'nitrates.analysis_seeds.do_full_rates' found in sys.modules after import of package 'nitrates.analysis_seeds', but prior to execution of 'nitrates.analysis_seeds.do_full_rates'; this may result in unpredictable behaviour
782 775
